<?xml version="1.0" encoding="UTF-8"?>
<!-- Generated by org.testng.reporters.JUnitXMLReporter -->
<testsuite hostname="DESKTOP-Aranya1" ignored="2" name="Test" tests="2" failures="0" timestamp="23 Apr 2021 07:13:06 GMT" time="29.696" errors="0">
  <testcase name="FlipkartHomePage_LinkTest" time="16.283" classname="tests.FlipkartTest"/>
  <testcase name="Ebay_ProductSearchTest" time="7.966" classname="tests.EbayTest"/>
  <testcase name="@AfterSuite EndSuite" time="0.0" classname="tests.BaseTest">
    <ignored/>
  </testcase> <!-- @AfterSuite EndSuite -->
  <testcase name="@BeforeSuite StartSuite" time="0.0" classname="tests.BaseTest">
    <ignored/>
  </testcase> <!-- @BeforeSuite StartSuite -->
</testsuite> <!-- Test -->
